0 info it worked if it ends with ok
1 verbose cli [ 'node', '/usr/local/bin/npm', 'publish' ]
2 info using npm@1.3.24
3 info using node@v0.10.25
4 verbose publish [ '.' ]
5 verbose cache add [ '.', null ]
6 verbose cache add name=undefined spec="." args=[".",null]
7 verbose parsed url { protocol: null,
7 verbose parsed url   slashes: null,
7 verbose parsed url   auth: null,
7 verbose parsed url   host: null,
7 verbose parsed url   port: null,
7 verbose parsed url   hostname: null,
7 verbose parsed url   hash: null,
7 verbose parsed url   search: null,
7 verbose parsed url   query: null,
7 verbose parsed url   pathname: '.',
7 verbose parsed url   path: '.',
7 verbose parsed url   href: '.' }
8 silly lockFile 3a52ce78- .
9 verbose lock . /Users/nw/.npm/3a52ce78-.lock
10 verbose tar pack [ '/var/folders/ff/qct69sl552d4p03tl9zbd4040000gp/T/npm-31315-KUcUgXYk/1394615149425-0.8122739989776164/tmp.tgz',
10 verbose tar pack   '.' ]
11 verbose tarball /var/folders/ff/qct69sl552d4p03tl9zbd4040000gp/T/npm-31315-KUcUgXYk/1394615149425-0.8122739989776164/tmp.tgz
12 verbose folder .
13 info prepublish reactor@0.0.1
14 silly lockFile 1f1177db-tar tar://.
15 verbose lock tar://. /Users/nw/.npm/1f1177db-tar.lock
16 silly lockFile 4d02ff8b-49425-0-8122739989776164-tmp-tgz tar:///var/folders/ff/qct69sl552d4p03tl9zbd4040000gp/T/npm-31315-KUcUgXYk/1394615149425-0.8122739989776164/tmp.tgz
17 verbose lock tar:///var/folders/ff/qct69sl552d4p03tl9zbd4040000gp/T/npm-31315-KUcUgXYk/1394615149425-0.8122739989776164/tmp.tgz /Users/nw/.npm/4d02ff8b-49425-0-8122739989776164-tmp-tgz.lock
18 silly lockFile 1f1177db-tar tar://.
19 silly lockFile 1f1177db-tar tar://.
20 silly lockFile 4d02ff8b-49425-0-8122739989776164-tmp-tgz tar:///var/folders/ff/qct69sl552d4p03tl9zbd4040000gp/T/npm-31315-KUcUgXYk/1394615149425-0.8122739989776164/tmp.tgz
21 silly lockFile 4d02ff8b-49425-0-8122739989776164-tmp-tgz tar:///var/folders/ff/qct69sl552d4p03tl9zbd4040000gp/T/npm-31315-KUcUgXYk/1394615149425-0.8122739989776164/tmp.tgz
22 verbose tar unpack /var/folders/ff/qct69sl552d4p03tl9zbd4040000gp/T/npm-31315-KUcUgXYk/1394615149425-0.8122739989776164/tmp.tgz
23 silly lockFile fa9c2856-49425-0-8122739989776164-package tar:///var/folders/ff/qct69sl552d4p03tl9zbd4040000gp/T/npm-31315-KUcUgXYk/1394615149425-0.8122739989776164/package
24 verbose lock tar:///var/folders/ff/qct69sl552d4p03tl9zbd4040000gp/T/npm-31315-KUcUgXYk/1394615149425-0.8122739989776164/package /Users/nw/.npm/fa9c2856-49425-0-8122739989776164-package.lock
25 silly lockFile 4d02ff8b-49425-0-8122739989776164-tmp-tgz tar:///var/folders/ff/qct69sl552d4p03tl9zbd4040000gp/T/npm-31315-KUcUgXYk/1394615149425-0.8122739989776164/tmp.tgz
26 verbose lock tar:///var/folders/ff/qct69sl552d4p03tl9zbd4040000gp/T/npm-31315-KUcUgXYk/1394615149425-0.8122739989776164/tmp.tgz /Users/nw/.npm/4d02ff8b-49425-0-8122739989776164-tmp-tgz.lock
27 silly gunzTarPerm modes [ '755', '644' ]
28 silly gunzTarPerm extractEntry package.json
29 silly gunzTarPerm extractEntry .npmignore
30 silly gunzTarPerm extractEntry README.md
31 silly gunzTarPerm extractEntry index.js
32 silly lockFile fa9c2856-49425-0-8122739989776164-package tar:///var/folders/ff/qct69sl552d4p03tl9zbd4040000gp/T/npm-31315-KUcUgXYk/1394615149425-0.8122739989776164/package
33 silly lockFile fa9c2856-49425-0-8122739989776164-package tar:///var/folders/ff/qct69sl552d4p03tl9zbd4040000gp/T/npm-31315-KUcUgXYk/1394615149425-0.8122739989776164/package
34 silly lockFile 4d02ff8b-49425-0-8122739989776164-tmp-tgz tar:///var/folders/ff/qct69sl552d4p03tl9zbd4040000gp/T/npm-31315-KUcUgXYk/1394615149425-0.8122739989776164/tmp.tgz
35 silly lockFile 4d02ff8b-49425-0-8122739989776164-tmp-tgz tar:///var/folders/ff/qct69sl552d4p03tl9zbd4040000gp/T/npm-31315-KUcUgXYk/1394615149425-0.8122739989776164/tmp.tgz
36 verbose tar pack [ '/Users/nw/.npm/reactor/0.0.1/package.tgz',
36 verbose tar pack   '/var/folders/ff/qct69sl552d4p03tl9zbd4040000gp/T/npm-31315-KUcUgXYk/1394615149425-0.8122739989776164/package' ]
37 verbose tarball /Users/nw/.npm/reactor/0.0.1/package.tgz
38 verbose folder /var/folders/ff/qct69sl552d4p03tl9zbd4040000gp/T/npm-31315-KUcUgXYk/1394615149425-0.8122739989776164/package
39 silly lockFile fa9c2856-49425-0-8122739989776164-package tar:///var/folders/ff/qct69sl552d4p03tl9zbd4040000gp/T/npm-31315-KUcUgXYk/1394615149425-0.8122739989776164/package
40 verbose lock tar:///var/folders/ff/qct69sl552d4p03tl9zbd4040000gp/T/npm-31315-KUcUgXYk/1394615149425-0.8122739989776164/package /Users/nw/.npm/fa9c2856-49425-0-8122739989776164-package.lock
41 silly lockFile 8ce38eb7-nw-npm-reactor-0-0-1-package-tgz tar:///Users/nw/.npm/reactor/0.0.1/package.tgz
42 verbose lock tar:///Users/nw/.npm/reactor/0.0.1/package.tgz /Users/nw/.npm/8ce38eb7-nw-npm-reactor-0-0-1-package-tgz.lock
43 silly lockFile fa9c2856-49425-0-8122739989776164-package tar:///var/folders/ff/qct69sl552d4p03tl9zbd4040000gp/T/npm-31315-KUcUgXYk/1394615149425-0.8122739989776164/package
44 silly lockFile fa9c2856-49425-0-8122739989776164-package tar:///var/folders/ff/qct69sl552d4p03tl9zbd4040000gp/T/npm-31315-KUcUgXYk/1394615149425-0.8122739989776164/package
45 silly lockFile 8ce38eb7-nw-npm-reactor-0-0-1-package-tgz tar:///Users/nw/.npm/reactor/0.0.1/package.tgz
46 silly lockFile 8ce38eb7-nw-npm-reactor-0-0-1-package-tgz tar:///Users/nw/.npm/reactor/0.0.1/package.tgz
47 silly lockFile 0c7b6cea-ers-nw-npm-reactor-0-0-1-package /Users/nw/.npm/reactor/0.0.1/package
48 verbose lock /Users/nw/.npm/reactor/0.0.1/package /Users/nw/.npm/0c7b6cea-ers-nw-npm-reactor-0-0-1-package.lock
49 silly lockFile 0c7b6cea-ers-nw-npm-reactor-0-0-1-package /Users/nw/.npm/reactor/0.0.1/package
50 silly lockFile 0c7b6cea-ers-nw-npm-reactor-0-0-1-package /Users/nw/.npm/reactor/0.0.1/package
51 verbose tar unpack /Users/nw/.npm/reactor/0.0.1/package.tgz
52 silly lockFile a17e471a-ers-nw-npm-reactor-0-0-1-package tar:///Users/nw/.npm/reactor/0.0.1/package
53 verbose lock tar:///Users/nw/.npm/reactor/0.0.1/package /Users/nw/.npm/a17e471a-ers-nw-npm-reactor-0-0-1-package.lock
54 silly lockFile 8ce38eb7-nw-npm-reactor-0-0-1-package-tgz tar:///Users/nw/.npm/reactor/0.0.1/package.tgz
55 verbose lock tar:///Users/nw/.npm/reactor/0.0.1/package.tgz /Users/nw/.npm/8ce38eb7-nw-npm-reactor-0-0-1-package-tgz.lock
56 silly gunzTarPerm modes [ '755', '644' ]
57 silly gunzTarPerm extractEntry package.json
58 silly gunzTarPerm extractEntry .npmignore
59 silly gunzTarPerm extractEntry README.md
60 silly gunzTarPerm extractEntry index.js
61 silly lockFile a17e471a-ers-nw-npm-reactor-0-0-1-package tar:///Users/nw/.npm/reactor/0.0.1/package
62 silly lockFile a17e471a-ers-nw-npm-reactor-0-0-1-package tar:///Users/nw/.npm/reactor/0.0.1/package
63 silly lockFile 8ce38eb7-nw-npm-reactor-0-0-1-package-tgz tar:///Users/nw/.npm/reactor/0.0.1/package.tgz
64 silly lockFile 8ce38eb7-nw-npm-reactor-0-0-1-package-tgz tar:///Users/nw/.npm/reactor/0.0.1/package.tgz
65 verbose chmod /Users/nw/.npm/reactor/0.0.1/package.tgz 644
66 verbose chown /Users/nw/.npm/reactor/0.0.1/package.tgz [ 502, 20 ]
67 silly lockFile 3a52ce78- .
68 silly lockFile 3a52ce78- .
69 silly publish { name: 'reactor',
69 silly publish   version: '0.0.1',
69 silly publish   description: 'A small library for creating isomorphic apps in React',
69 silly publish   main: 'index.js',
69 silly publish   scripts: { test: 'echo "Error: no test specified" && exit 1' },
69 silly publish   repository:
69 silly publish    { type: 'git',
69 silly publish      url: 'A small library for creating isomorphic apps in React' },
69 silly publish   keywords: [ 'React', 'Isomorphic', 'SPA' ],
69 silly publish   author: { name: 'Nate Wienert' },
69 silly publish   license: 'MIT',
69 silly publish   dependencies:
69 silly publish    { fibers: '~1.0.1',
69 silly publish      'react-async': '~0.6.0',
69 silly publish      cortexjs: '~0.4.5',
69 silly publish      superagent: '~0.17.0',
69 silly publish      envify: '~1.2.1',
69 silly publish      react: '~0.9.0',
69 silly publish      'url-pattern': '~0.5.0' },
69 silly publish   readme: 'This is a small but (at this point) fairly opinionated module that should let you get up and running with a React app quickly.\n\nIt uses the following modules to achieve this:\n- Routing: [reactor-router](https://github.com/natew/reactor-router)\n- HTML5 pushState: [reactor-pushState](https://github.com/natew/reactor-pushState)\n- Async data fetch: [react-async](https://github.com/andreypopp/react-async)\n- State management: [Cortex](https://github.com/kaelzhang/cortex)\n\nCheck out a demo of it in use [in this repo](https://github.com/natew/reactor-demo).\n\nBasic usage:\n\n    var React      = require(\'react\');\n    var Reactor    = require(\'reactor\').inject(React);\n\n    var App = Reactor.createClass({\n\n      routes: {\n        \'/\': require(\'./pages/Home\')\n      },\n\n      render: function(Page) {\n        return this.transferPropsTo(\n          <Layout onClick={this.navigate} title={this.pageTitle}>\n            <Page data={this.pageData} className="page" />\n          </Layout>\n        );\n      }\n\n    });\n\n    Reactor.browserStart(App);\n    module.exports = App;\n\nThis is very early stages and is just being extracted into it\'s own module so things will change. More documentation to come!',
69 silly publish   readmeFilename: 'README.md',
69 silly publish   _id: 'reactor@0.0.1',
69 silly publish   dist: { shasum: 'd88e3a6b142f83ecb33ea6d3f15d69d9fe99d1bc' },
69 silly publish   _from: '.' }
70 verbose url raw reactor
71 verbose url resolving [ 'https://registry.npmjs.org/', './reactor' ]
72 verbose url resolved https://registry.npmjs.org/reactor
73 info trying registry request attempt 1 at 02:05:49
74 http PUT https://registry.npmjs.org/reactor
75 http 403 https://registry.npmjs.org/reactor
76 info trying registry request attempt 1 at 02:05:50
77 http PUT https://registry.npmjs.org/reactor
78 http 403 https://registry.npmjs.org/reactor
79 error publish Failed PUT 403
80 error Error: forbidden cannot modify pre-existing version: 0.0.1
80 error old={"name":"reactor","description":"A framework for serving JSON.","version":"0.0.1","author":{"name":"Alan Gutierrez","email":"alan@prettyrobots.com"},"main":"./lib/relatable.js","url":"http://bigeasy.github.com/relatable","keywords":["json","http","https","middleware"],"devDependencies":{"coffee-script":">=1.3.0","streamline":">=0.3.0","proof":">=0.0.1"},"scripts":{"test":"(proof run t/*/*.t | tee .proof.out | proof progress) || (proof errors < .proof.out)"},"_npmUser":{"name":"bigeasy","email":"alan@prettyrobots.com"},"_id":"reactor@0.0.1","dependencies":{},"optionalDependencies":{},"engines":{"node":"*"},"_engineSupported":true,"_npmVersion":"1.1.18","_nodeVersion":"v0.6.15","_defaultsLoaded":true,"dist":{"shasum":"d1a69f1de87dd4ceb590e1949743ae00a8ff0835","tarball":"http://registry.npmjs.org/reactor/-/reactor-0.0.1.tgz"},"readme":"","maintainers":[{"name":"bigeasy","email":"alan@prettyrobots.com"}],"directories":{}}
80 error new={"name":"reactor","version":"0.0.1","description":"A small library for creating isomorphic apps in React","main":"index.js","scripts":{"test":"echo \"Error: no test specified\" && exit 1"},"repository":{"type":"git","url":"A small library for creating isomorphic apps in React"},"keywords":["React","Isomorphic","SPA"],"author":{"name":"Nate Wienert"},"license":"MIT","dependencies":{"fibers":"~1.0.1","react-async":"~0.6.0","cortexjs":"~0.4.5","superagent":"~0.17.0","envify":"~1.2.1","react":"~0.9.0","url-pattern":"~0.5.0"},"readme":"This is a small but (at this point) fairly opinionated module that should let you get up and running with a React app quickly.\u000a\u000aIt uses the following modules to achieve this:\u000a- Routing: [reactor-router](https://github.com/natew/reactor-router)\u000a- HTML5 pushState: [reactor-pushState](https://github.com/natew/reactor-pushState)\u000a- Async data fetch: [react-async](https://github.com/andreypopp/react-async)\u000a- State management: [Cortex](https://github.com/kaelzhang/cortex)\u000a\u000aCheck out a demo of it in use [in this repo](https://github.com/natew/reactor-demo).\u000a\u000aBasic usage:\u000a\u000a    var React      = require('react');\u000a    var Reactor    = require('reactor').inject(React);\u000a\u000a    var App = Reactor.createClass({\u000a\u000a      routes: {\u000a        '/': require('./pages/Home')\u000a      },\u000a\u000a      render: function(Page) {\u000a        return this.transferPropsTo(\u000a          <Layout onClick={this.navigate} title={this.pageTitle}>\u000a            <Page data={this.pageData} className=\"page\" />\u000a          </Layout>\u000a        );\u000a      }\u000a\u000a    });\u000a\u000a    Reactor.browserStart(App);\u000a    module.exports = App;\u000a\u000aThis is very early stages and is just being extracted into it's own module so things will change. More documentation to come!","readmeFilename":"README.md","_id":"reactor@0.0.1","dist":{"shasum":"d88e3a6b142f83ecb33ea6d3f15d69d9fe99d1bc","tarball":"http://registry.npmjs.org/reactor/-/reactor-0.0.1.tgz"},"_from":".","_npmVersion":"1.3.24","_npmUser":{"name":"nwienert","email":"natewienert@gmail.com"},"maintainers":[{"name":"nwienert","email":"natewienert@gmail.com"}]}: reactor
80 error     at RegClient.<anonymous> (/usr/local/lib/node_modules/npm/node_modules/npm-registry-client/lib/request.js:275:14)
80 error     at Request.self.callback (/usr/local/lib/node_modules/npm/node_modules/request/request.js:123:22)
80 error     at Request.EventEmitter.emit (events.js:98:17)
80 error     at Request.<anonymous> (/usr/local/lib/node_modules/npm/node_modules/request/request.js:893:14)
80 error     at Request.EventEmitter.emit (events.js:117:20)
80 error     at IncomingMessage.<anonymous> (/usr/local/lib/node_modules/npm/node_modules/request/request.js:844:12)
80 error     at IncomingMessage.EventEmitter.emit (events.js:117:20)
80 error     at _stream_readable.js:920:16
80 error     at process._tickCallback (node.js:415:13)
81 error If you need help, you may report this *entire* log,
81 error including the npm and node versions, at:
81 error     <http://github.com/isaacs/npm/issues>
82 error System Darwin 13.1.0
83 error command "node" "/usr/local/bin/npm" "publish"
84 error cwd /Users/nw/projects/reactor
85 error node -v v0.10.25
86 error npm -v 1.3.24
87 verbose exit [ 1, true ]
